============================= test session starts =============================
collecting ... collected 18 items

tests/test_garment_normalizer.py::TestOutputDimensions::test_output_is_512x512 PASSED [  5%]
tests/test_garment_normalizer.py::TestOutputDimensions::test_custom_canvas_size PASSED [ 11%]
tests/test_garment_normalizer.py::TestMaskBinary::test_mask_is_binary PASSED [ 16%]
tests/test_garment_normalizer.py::TestMaskBinary::test_mask_has_foreground PASSED [ 22%]
tests/test_garment_normalizer.py::TestCentroidAlignment::test_centroid_near_center PASSED [ 27%]
tests/test_garment_normalizer.py::TestTransparentBackground::test_output_has_alpha_channel PASSED [ 33%]
tests/test_garment_normalizer.py::TestTransparentBackground::test_background_is_transparent PASSED [ 38%]
tests/test_garment_normalizer.py::TestMaskQuality::test_mask_quality_valid PASSED [ 44%]
tests/test_garment_normalizer.py::TestMaskQuality::test_mask_quality_reports_area PASSED [ 50%]
tests/test_garment_normalizer.py::TestMaskQuality::test_mask_quality_single_component PASSED [ 55%]
tests/test_garment_normalizer.py::TestMaskQuality::test_no_internal_holes PASSED [ 61%]
tests/test_garment_normalizer.py::TestFileSaving::test_normalize_and_save_creates_files PASSED [ 66%]
tests/test_garment_normalizer.py::TestFileSaving::test_saved_garment_is_512x512 PASSED [ 72%]
tests/test_garment_normalizer.py::TestFileSaving::test_metadata_contains_normalization_info PASSED [ 77%]
tests/test_garment_normalizer.py::TestScaleTracking::test_scale_to_canvas_is_recorded PASSED [ 83%]
tests/test_garment_normalizer.py::TestScaleTracking::test_original_size_is_recorded PASSED [ 88%]
tests/test_garment_normalizer.py::TestEdgeCases::test_empty_image_fails_gracefully FAILED [ 94%]
tests/test_garment_normalizer.py::TestEdgeCases::test_tiny_image PASSED  [100%]

================================== FAILURES ===================================
_______________ TestEdgeCases.test_empty_image_fails_gracefully _______________
tests\test_garment_normalizer.py:319: in test_empty_image_fails_gracefully
    assert np.sum(result.garment_mask) == 0
E   AssertionError: assert np.uint64(3612330) == 0
E    +  where np.uint64(3612330) = <function sum at 0x00000299468F52F0>(array([[0, 0, 0, ..., 0, 0, 0],\n       [0, 0, 0, ..., 0, 0, 0],\n       [0, 0, 0, ..., 0, 0, 0],\n       ...,\n       [0, 0, 0, ..., 0, 0, 0],\n       [0, 0, 0, ..., 0, 0, 0],\n       [0, 0, 0, ..., 0, 0, 0]], shape=(512, 512), dtype=uint8))
E    +    where <function sum at 0x00000299468F52F0> = np.sum
E    +    and   array([[0, 0, 0, ..., 0, 0, 0],\n       [0, 0, 0, ..., 0, 0, 0],\n       [0, 0, 0, ..., 0, 0, 0],\n       ...,\n       [0, 0, 0, ..., 0, 0, 0],\n       [0, 0, 0, ..., 0, 0, 0],\n       [0, 0, 0, ..., 0, 0, 0]], shape=(512, 512), dtype=uint8) = NormalizationResult(garment_image=array([[[0, 0, 0, 0],\n        [0, 0, 0, 0],\n        [0, 0, 0, 0],\n        ...,\n        [0, 0, 0, 0],\n        [0, 0, 0, 0],\n        [0, 0, 0, 0]],\n\n       [[0, 0, 0, 0],\n        [0, 0, 0, 0],\n        [0, 0, 0, 0],\n        ...,\n        [0, 0, 0, 0],\n        [0, 0, 0, 0],\n        [0, 0, 0, 0]],\n\n       [[0, 0, 0, 0],\n        [0, 0, 0, 0],\n        [0, 0, 0, 0],\n        ...,\n        [0, 0, 0, 0],\n        [0, 0, 0, 0],\n        [0, 0, 0, 0]],\n\n       ...,\n\n       [[0, 0, 0, 0],\n        [0, 0, 0, 0],\n        [0, 0, 0, 0],\n        ...,\n        [0, 0, 0, 0],\n        [0, 0, 0, 0],\n        [0, 0, 0, 0]],\n\n       [[0, 0, 0, 0],\n        [0, 0, 0, 0],\n        [0, 0, 0, 0],\n        ...,\n        [0, 0, 0, 0],\n        [0, 0, 0, 0],\n        [0, 0, 0, 0]],\n\n       [[0, 0, 0, 0],\n        [0, 0, 0, 0],\n        [0, 0, 0, 0],\n        ...,\n        [0, 0, 0, 0],\n        [0, 0, 0, 0],\n        [0, 0, 0, 0]]], shape=(512, 512, 4), dtype=uint8), garment_mask=array([[0, 0, 0, ..., 0, 0, 0],\n       [0, 0, 0, ..., 0, 0, 0],\n       [0, 0, 0, ..., 0, 0, 0],\n       ...,\n       [0, 0, 0, ..., 0, 0, 0],\n       [0, 0, 0, ..., 0, 0, 0],\n       [0, 0, 0, ..., 0, 0, 0]], shape=(512, 512), dtype=uint8), original_size=(400, 300), bbox=(0, 9, 56, 304), centroid=(256.0, 256.0), scale_to_canvas=1.562, mask_quality=MaskQuality(area_ratio=0.05678333333333333, num_components=1, is_valid=False), success=True, error='', warnings=['Mask quality issue: area_ratio=0.06, components=1']).garment_mask
=========================== short test summary info ===========================
FAILED tests/test_garment_normalizer.py::TestEdgeCases::test_empty_image_fails_gracefully
======================== 1 failed, 17 passed in 34.84s ========================

